Build started 2016-03-31 오후 5:07:04.
     1>Project "C:\Users\Y700\documents\visual studio 2010\Projects\ProjcetA\ProjcetA\ProjcetA.vcxproj" on node 2 (build target(s)).
     1>InitializeBuildStatus:
         Touching "Debug\ProjcetA.unsuccessfulbuild".
       ClCompile:
         c:\Program Files (x86)\Microsoft Visual Studio 10.0\VC\bin\CL.exe /c /ZI /nologo /W3 /WX- /Od /Oy- /D _MBCS /Gm /EHsc /RTC1 /MDd /GS /fp:precise /Zc:wchar_t /Zc:forScope /Fo"Debug\\" /Fd"Debug\vc100.pdb" /Gd /TP /analyze- /errorReport:prompt APP.cpp main.cpp
         APP.cpp
     1>c:\users\y700\documents\visual studio 2010\projects\projceta\projceta\app.cpp(379): warning C4101: 'selec' : unreferenced local variable
         Generating Code...
     1>c:\users\y700\documents\visual studio 2010\projects\projceta\projceta\app.cpp(193): warning C4715: 'APP::sendMoney' : not all control paths return a value
         Skipping... (no relevant changes detected)
         main.cpp
       Link:
         c:\Program Files (x86)\Microsoft Visual Studio 10.0\VC\bin\link.exe /ERRORREPORT:PROMPT /OUT:"C:\Users\Y700\documents\visual studio 2010\Projects\ProjcetA\Debug\ProjcetA.exe" /NOLOGO kernel32.lib user32.lib gdi32.lib winspool.lib comdlg32.lib advapi32.lib shell32.lib ole32.lib oleaut32.lib uuid.lib odbc32.lib odbccp32.lib /MANIFEST /ManifestFile:"Debug\ProjcetA.exe.intermediate.manifest" /MANIFESTUAC:"level='asInvoker' uiAccess='false'" /DEBUG /PDB:"C:\Users\Y700\documents\visual studio 2010\Projects\ProjcetA\Debug\ProjcetA.pdb" /TLBID:1 /DYNAMICBASE /NXCOMPAT /IMPLIB:"C:\Users\Y700\documents\visual studio 2010\Projects\ProjcetA\Debug\ProjcetA.lib" /MACHINE:X86 Debug\APP.obj
         Debug\loan.obj
         Debug\main.obj
         Debug\transaction.obj
         Debug\User.obj
         LINK : C:\Users\Y700\documents\visual studio 2010\Projects\ProjcetA\Debug\ProjcetA.exe not found or not built by the last incremental link; performing full link
         ProjcetA.vcxproj -> C:\Users\Y700\documents\visual studio 2010\Projects\ProjcetA\Debug\ProjcetA.exe
       Manifest:
         c:\Program Files (x86)\Microsoft SDKs\Windows\v7.0A\bin\mt.exe /nologo /verbose /outputresource:"C:\Users\Y700\documents\visual studio 2010\Projects\ProjcetA\Debug\ProjcetA.exe;#1" /manifest Debug\ProjcetA.exe.intermediate.manifest
       FinalizeBuildStatus:
         Deleting file "Debug\ProjcetA.unsuccessfulbuild".
         Touching "Debug\ProjcetA.lastbuildstate".
     1>Done Building Project "C:\Users\Y700\documents\visual studio 2010\Projects\ProjcetA\ProjcetA\ProjcetA.vcxproj" (build target(s)).

Build succeeded.

Time Elapsed 00:00:00.75
