C:\USERS\Y700\DOCUMENTS\VISUAL STUDIO 2010\PROJECTS\PROJCETA\DEBUG\PROJCETA.EXE
C:\USERS\Y700\DOCUMENTS\VISUAL STUDIO 2010\PROJECTS\PROJCETA\DEBUG\PROJCETA.ILK
C:\USERS\Y700\DOCUMENTS\VISUAL STUDIO 2010\PROJECTS\PROJCETA\DEBUG\PROJCETA.PDB
C:\USERS\Y700\DOCUMENTS\VISUAL STUDIO 2010\PROJECTS\PROJCETA\PROJCETA\DEBUG\APP.OBJ
C:\Users\Y700\documents\visual studio 2010\Projects\ProjcetA\ProjcetA\Debug\cl.command.1.tlog
C:\Users\Y700\documents\visual studio 2010\Projects\ProjcetA\ProjcetA\Debug\CL.read.1.tlog
C:\Users\Y700\documents\visual studio 2010\Projects\ProjcetA\ProjcetA\Debug\CL.write.1.tlog
C:\Users\Y700\documents\visual studio 2010\Projects\ProjcetA\ProjcetA\Debug\link.command.1.tlog
C:\Users\Y700\documents\visual studio 2010\Projects\ProjcetA\ProjcetA\Debug\link.read.1.tlog
C:\Users\Y700\documents\visual studio 2010\Projects\ProjcetA\ProjcetA\Debug\link.write.1.tlog
C:\USERS\Y700\DOCUMENTS\VISUAL STUDIO 2010\PROJECTS\PROJCETA\PROJCETA\DEBUG\LOAN.OBJ
C:\USERS\Y700\DOCUMENTS\VISUAL STUDIO 2010\PROJECTS\PROJCETA\PROJCETA\DEBUG\MAIN.OBJ
C:\Users\Y700\documents\visual studio 2010\Projects\ProjcetA\ProjcetA\Debug\mt.command.1.tlog
C:\Users\Y700\documents\visual studio 2010\Projects\ProjcetA\ProjcetA\Debug\mt.read.1.tlog
C:\Users\Y700\documents\visual studio 2010\Projects\ProjcetA\ProjcetA\Debug\mt.write.1.tlog
C:\USERS\Y700\DOCUMENTS\VISUAL STUDIO 2010\PROJECTS\PROJCETA\PROJCETA\DEBUG\PROJCETA.EXE.INTERMEDIATE.MANIFEST
C:\Users\Y700\documents\visual studio 2010\Projects\ProjcetA\ProjcetA\Debug\ProjcetA.vcxprojResolveAssemblyReference.cache
C:\Users\Y700\documents\visual studio 2010\Projects\ProjcetA\ProjcetA\Debug\ProjcetA.write.1.tlog
C:\USERS\Y700\DOCUMENTS\VISUAL STUDIO 2010\PROJECTS\PROJCETA\PROJCETA\DEBUG\TRANSACTION.OBJ
C:\USERS\Y700\DOCUMENTS\VISUAL STUDIO 2010\PROJECTS\PROJCETA\PROJCETA\DEBUG\USER.OBJ
C:\Users\Y700\documents\visual studio 2010\Projects\ProjcetA\ProjcetA\Debug\vc100.idb
C:\USERS\Y700\DOCUMENTS\VISUAL STUDIO 2010\PROJECTS\PROJCETA\PROJCETA\DEBUG\VC100.PDB
